This is e-pTeX, Version 3.14159265-p3.7.1-160201-2.6 (utf8.sjis) (TeX Live 2016/W32TeX) (preloaded format=platex 2016.9.12)  27 JUL 2018 13:14
entering extended mode
 restricted \write18 enabled.
 %&-line parsing enabled.
**./CIAA_power.tex
(./CIAA_power.tex
pLaTeX2e <2016/09/08> (based on LaTeX2e <2016/03/31> patch level 3)
Babel <3.9r> and hyphenation patterns for 83 language(s) loaded.
(c:/w32tex/share/texmf-dist/tex/latex/beamer/beamer.cls
(c:/w32tex/share/texmf-dist/tex/latex/beamer/beamerbasercs.sty
Package: beamerbasercs 2015/03/08 (rcs-revision 368aa9ba9d38)
)
Document Class: beamer 2015/01/05 3.36 A class for typesetting presentations (r
cs-revision 8a39122e1f63)
(c:/w32tex/share/texmf-dist/tex/latex/beamer/beamerbasemodes.sty
Package: beamerbasemodes 2013/09/03 (rcs-revision 768f2d98ca64)
\beamer@tempbox=\box41
\beamer@tempcount=\count82
\c@beamerpauses=\count83

(c:/w32tex/share/texmf-dist/tex/latex/beamer/beamerbasedecode.sty
Package: beamerbasedecode 2010/05/01 (rcs-revision efa082c6111d)
\beamer@slideinframe=\count84
\beamer@minimum=\count85
)
\beamer@commentbox=\box42
\beamer@modecount=\count86
)
(c:/w32tex/share/texmf-dist/tex/generic/oberdiek/ifpdf.sty
Package: ifpdf 2016/05/14 v3.1 Provides the ifpdf switch
)
\headheight=\dimen118
\headdp=\dimen119
\footheight=\dimen120
\sidebarheight=\dimen121
\beamer@tempdim=\dimen122
\beamer@finalheight=\dimen123
\beamer@animht=\dimen124
\beamer@animdp=\dimen125
\beamer@animwd=\dimen126
\beamer@leftmargin=\dimen127
\beamer@rightmargin=\dimen128
\beamer@leftsidebar=\dimen129
\beamer@rightsidebar=\dimen130
\beamer@boxsize=\dimen131
\beamer@vboxoffset=\dimen132
\beamer@descdefault=\dimen133
\beamer@descriptionwidth=\dimen134
\beamer@lastskip=\skip41
\beamer@areabox=\box43
\beamer@animcurrent=\box44
\beamer@animshowbox=\box45
\beamer@sectionbox=\box46
\beamer@logobox=\box47
\beamer@linebox=\box48
\beamer@sectioncount=\count87
\beamer@subsubsectionmax=\count88
\beamer@subsectionmax=\count89
\beamer@sectionmax=\count90
\beamer@totalheads=\count91
\beamer@headcounter=\count92
\beamer@partstartpage=\count93
\beamer@sectionstartpage=\count94
\beamer@subsectionstartpage=\count95
\beamer@animationtempa=\count96
\beamer@animationtempb=\count97
\beamer@xpos=\count98
\beamer@ypos=\count99
\beamer@showpartnumber=\count100
\beamer@currentsubsection=\count101
\beamer@coveringdepth=\count102
\beamer@sectionadjust=\count103
\beamer@tocsectionnumber=\count104

(c:/w32tex/share/texmf-dist/tex/latex/beamer/beamerbaseoptions.sty
Package: beamerbaseoptions 2013/03/10 (rcs-revision 47431932db0d)

(c:/w32tex/share/texmf-dist/tex/latex/graphics/keyval.sty
Package: keyval 2014/10/28 v1.15 key=value parser (DPC)
\KV@toks@=\toks15
))
\beamer@paperwidth=\skip42
\beamer@paperheight=\skip43

(c:/w32tex/share/texmf-dist/tex/latex/geometry/geometry.sty
Package: geometry 2010/09/12 v5.6 Page Geometry

(c:/w32tex/share/texmf-dist/tex/generic/oberdiek/ifvtex.sty
Package: ifvtex 2016/05/16 v1.6 Detect VTeX and its facilities (HO)
Package ifvtex Info: VTeX not detected.
)
(c:/w32tex/share/texmf-dist/tex/generic/ifxetex/ifxetex.sty
Package: ifxetex 2010/09/12 v0.6 Provides ifxetex conditional
)
\Gm@cnth=\count105
\Gm@cntv=\count106
\c@Gm@tempcnt=\count107
\Gm@bindingoffset=\dimen135
\Gm@wd@mp=\dimen136
\Gm@odd@mp=\dimen137
\Gm@even@mp=\dimen138
\Gm@layoutwidth=\dimen139
\Gm@layoutheight=\dimen140
\Gm@layouthoffset=\dimen141
\Gm@layoutvoffset=\dimen142
\Gm@dimlist=\toks16

(c:/w32tex/share/texmf-dist/tex/latex/geometry/geometry.cfg))
(c:/w32tex/share/texmf-dist/tex/latex/base/size10.clo
File: size10.clo 2014/09/29 v1.4h Standard LaTeX file (size option)
)
(c:/w32tex/share/texmf-dist/tex/latex/pgf/basiclayer/pgfcore.sty
(c:/w32tex/share/texmf-dist/tex/latex/graphics/graphicx.sty
Package: graphicx 2014/10/28 v1.0g Enhanced LaTeX Graphics (DPC,SPQR)

(c:/w32tex/share/texmf-dist/tex/latex/graphics/graphics.sty
Package: graphics 2016/07/10 v1.0t Standard LaTeX Graphics (DPC,SPQR)

(c:/w32tex/share/texmf-dist/tex/latex/graphics/trig.sty
Package: trig 2016/01/03 v1.10 sin cos tan (DPC)
)
(c:/w32tex/share/texmf-dist/tex/latex/graphics-cfg/graphics.cfg
File: graphics.cfg 2016/06/04 v1.11 sample graphics configuration
)
Package graphics Info: Driver file: dvipdfmx.def on input line 99.

(c:/w32tex/share/texmf-dist/tex/latex/graphics-def/dvipdfmx.def
File: dvipdfmx.def 2016/07/11 v4.12 LaTeX color/graphics driver for dvipdfmx (L
3/ChoF)
))
\Gin@req@height=\dimen143
\Gin@req@width=\dimen144
)
(c:/w32tex/share/texmf-dist/tex/latex/pgf/systemlayer/pgfsys.sty
(c:/w32tex/share/texmf-dist/tex/latex/pgf/utilities/pgfrcs.sty
(c:/w32tex/share/texmf-dist/tex/generic/pgf/utilities/pgfutil-common.tex
\pgfutil@everybye=\toks17
\pgfutil@tempdima=\dimen145
\pgfutil@tempdimb=\dimen146

(c:/w32tex/share/texmf-dist/tex/generic/pgf/utilities/pgfutil-common-lists.tex)
) (c:/w32tex/share/texmf-dist/tex/generic/pgf/utilities/pgfutil-latex.def
\pgfutil@abb=\box49

(c:/w32tex/share/texmf-dist/tex/latex/ms/everyshi.sty
Package: everyshi 2001/05/15 v3.00 EveryShipout Package (MS)
))
(c:/w32tex/share/texmf-dist/tex/generic/pgf/utilities/pgfrcs.code.tex
Package: pgfrcs 2015/08/07 v3.0.1a (rcs-revision 1.31)
))
(c:/w32tex/share/texmf-dist/tex/generic/pgf/systemlayer/pgfsys.code.tex
Package: pgfsys 2014/07/09 v3.0.1a (rcs-revision 1.48)

(c:/w32tex/share/texmf-dist/tex/generic/pgf/utilities/pgfkeys.code.tex
\pgfkeys@pathtoks=\toks18
\pgfkeys@temptoks=\toks19

(c:/w32tex/share/texmf-dist/tex/generic/pgf/utilities/pgfkeysfiltered.code.tex
\pgfkeys@tmptoks=\toks20
))
\pgf@x=\dimen147
\pgf@y=\dimen148
\pgf@xa=\dimen149
\pgf@ya=\dimen150
\pgf@xb=\dimen151
\pgf@yb=\dimen152
\pgf@xc=\dimen153
\pgf@yc=\dimen154
\w@pgf@writea=\write3
\r@pgf@reada=\read1
\c@pgf@counta=\count108
\c@pgf@countb=\count109
\c@pgf@countc=\count110
\c@pgf@countd=\count111
\t@pgf@toka=\toks21
\t@pgf@tokb=\toks22
\t@pgf@tokc=\toks23
 (c:/w32tex/share/texmf-dist/tex/generic/pgf/systemlayer/pgf.cfg
File: pgf.cfg 2008/05/14  (rcs-revision 1.7)
)
Driver file for pgf: pgfsys-dvipdfmx.def

(c:/w32tex/share/texmf-dist/tex/generic/pgf/systemlayer/pgfsys-dvipdfmx.def
File: pgfsys-dvipdfmx.def 2014/07/09  (rcs-revision 1.14)

(c:/w32tex/share/texmf-dist/tex/generic/pgf/systemlayer/pgfsys-common-pdf.def
File: pgfsys-common-pdf.def 2013/10/10  (rcs-revision 1.13)
)
\pgfsys@objnum=\count112
))
(c:/w32tex/share/texmf-dist/tex/generic/pgf/systemlayer/pgfsyssoftpath.code.tex
File: pgfsyssoftpath.code.tex 2013/09/09  (rcs-revision 1.9)
\pgfsyssoftpath@smallbuffer@items=\count113
\pgfsyssoftpath@bigbuffer@items=\count114
)
(c:/w32tex/share/texmf-dist/tex/generic/pgf/systemlayer/pgfsysprotocol.code.tex
File: pgfsysprotocol.code.tex 2006/10/16  (rcs-revision 1.4)
)) (c:/w32tex/share/texmf-dist/tex/latex/xcolor/xcolor.sty
Package: xcolor 2016/05/11 v2.12 LaTeX color extensions (UK)

(c:/w32tex/share/texmf-dist/tex/latex/graphics-cfg/color.cfg
File: color.cfg 2016/01/02 v1.6 sample color configuration
)
Package xcolor Info: Driver file: dvipdfmx.def on input line 225.
Package xcolor Info: Model `cmy' substituted by `cmy0' on input line 1348.
Package xcolor Info: Model `hsb' substituted by `rgb' on input line 1352.
Package xcolor Info: Model `RGB' extended on input line 1364.
Package xcolor Info: Model `HTML' substituted by `rgb' on input line 1366.
Package xcolor Info: Model `Hsb' substituted by `hsb' on input line 1367.
Package xcolor Info: Model `tHsb' substituted by `hsb' on input line 1368.
Package xcolor Info: Model `HSB' substituted by `hsb' on input line 1369.
Package xcolor Info: Model `Gray' substituted by `gray' on input line 1370.
Package xcolor Info: Model `wave' substituted by `hsb' on input line 1371.
)
(c:/w32tex/share/texmf-dist/tex/generic/pgf/basiclayer/pgfcore.code.tex
Package: pgfcore 2010/04/11 v3.0.1a (rcs-revision 1.7)

(c:/w32tex/share/texmf-dist/tex/generic/pgf/math/pgfmath.code.tex
(c:/w32tex/share/texmf-dist/tex/generic/pgf/math/pgfmathcalc.code.tex
(c:/w32tex/share/texmf-dist/tex/generic/pgf/math/pgfmathutil.code.tex)
(c:/w32tex/share/texmf-dist/tex/generic/pgf/math/pgfmathparser.code.tex
\pgfmath@dimen=\dimen155
\pgfmath@count=\count115
\pgfmath@box=\box50
\pgfmath@toks=\toks24
\pgfmath@stack@operand=\toks25
\pgfmath@stack@operation=\toks26
)
(c:/w32tex/share/texmf-dist/tex/generic/pgf/math/pgfmathfunctions.code.tex
(c:/w32tex/share/texmf-dist/tex/generic/pgf/math/pgfmathfunctions.basic.code.te
x)
(c:/w32tex/share/texmf-dist/tex/generic/pgf/math/pgfmathfunctions.trigonometric
.code.tex)
(c:/w32tex/share/texmf-dist/tex/generic/pgf/math/pgfmathfunctions.random.code.t
ex)
(c:/w32tex/share/texmf-dist/tex/generic/pgf/math/pgfmathfunctions.comparison.co
de.tex)
(c:/w32tex/share/texmf-dist/tex/generic/pgf/math/pgfmathfunctions.base.code.tex
)
(c:/w32tex/share/texmf-dist/tex/generic/pgf/math/pgfmathfunctions.round.code.te
x)
(c:/w32tex/share/texmf-dist/tex/generic/pgf/math/pgfmathfunctions.misc.code.tex
)
(c:/w32tex/share/texmf-dist/tex/generic/pgf/math/pgfmathfunctions.integerarithm
etics.code.tex)))
(c:/w32tex/share/texmf-dist/tex/generic/pgf/math/pgfmathfloat.code.tex
\c@pgfmathroundto@lastzeros=\count116
))
(c:/w32tex/share/texmf-dist/tex/generic/pgf/basiclayer/pgfcorepoints.code.tex
File: pgfcorepoints.code.tex 2013/10/07  (rcs-revision 1.27)
\pgf@picminx=\dimen156
\pgf@picmaxx=\dimen157
\pgf@picminy=\dimen158
\pgf@picmaxy=\dimen159
\pgf@pathminx=\dimen160
\pgf@pathmaxx=\dimen161
\pgf@pathminy=\dimen162
\pgf@pathmaxy=\dimen163
\pgf@xx=\dimen164
\pgf@xy=\dimen165
\pgf@yx=\dimen166
\pgf@yy=\dimen167
\pgf@zx=\dimen168
\pgf@zy=\dimen169
)
(c:/w32tex/share/texmf-dist/tex/generic/pgf/basiclayer/pgfcorepathconstruct.cod
e.tex
File: pgfcorepathconstruct.code.tex 2013/10/07  (rcs-revision 1.29)
\pgf@path@lastx=\dimen170
\pgf@path@lasty=\dimen171
)
(c:/w32tex/share/texmf-dist/tex/generic/pgf/basiclayer/pgfcorepathusage.code.te
x
File: pgfcorepathusage.code.tex 2014/11/02  (rcs-revision 1.24)
\pgf@shorten@end@additional=\dimen172
\pgf@shorten@start@additional=\dimen173
)
(c:/w32tex/share/texmf-dist/tex/generic/pgf/basiclayer/pgfcorescopes.code.tex
File: pgfcorescopes.code.tex 2015/05/08  (rcs-revision 1.46)
\pgfpic=\box51
\pgf@hbox=\box52
\pgf@layerbox@main=\box53
\pgf@picture@serial@count=\count117
)
(c:/w32tex/share/texmf-dist/tex/generic/pgf/basiclayer/pgfcoregraphicstate.code
.tex
File: pgfcoregraphicstate.code.tex 2014/11/02  (rcs-revision 1.12)
\pgflinewidth=\dimen174
)
(c:/w32tex/share/texmf-dist/tex/generic/pgf/basiclayer/pgfcoretransformations.c
ode.tex
File: pgfcoretransformations.code.tex 2015/08/07  (rcs-revision 1.20)
\pgf@pt@x=\dimen175
\pgf@pt@y=\dimen176
\pgf@pt@temp=\dimen177
)
(c:/w32tex/share/texmf-dist/tex/generic/pgf/basiclayer/pgfcorequick.code.tex
File: pgfcorequick.code.tex 2008/10/09  (rcs-revision 1.3)
)
(c:/w32tex/share/texmf-dist/tex/generic/pgf/basiclayer/pgfcoreobjects.code.tex
File: pgfcoreobjects.code.tex 2006/10/11  (rcs-revision 1.2)
)
(c:/w32tex/share/texmf-dist/tex/generic/pgf/basiclayer/pgfcorepathprocessing.co
de.tex
File: pgfcorepathprocessing.code.tex 2013/09/09  (rcs-revision 1.9)
)
(c:/w32tex/share/texmf-dist/tex/generic/pgf/basiclayer/pgfcorearrows.code.tex
File: pgfcorearrows.code.tex 2015/05/14  (rcs-revision 1.43)
\pgfarrowsep=\dimen178
)
(c:/w32tex/share/texmf-dist/tex/generic/pgf/basiclayer/pgfcoreshade.code.tex
File: pgfcoreshade.code.tex 2013/07/15  (rcs-revision 1.15)
\pgf@max=\dimen179
\pgf@sys@shading@range@num=\count118
)
(c:/w32tex/share/texmf-dist/tex/generic/pgf/basiclayer/pgfcoreimage.code.tex
File: pgfcoreimage.code.tex 2013/07/15  (rcs-revision 1.18)

(c:/w32tex/share/texmf-dist/tex/generic/pgf/basiclayer/pgfcoreexternal.code.tex
File: pgfcoreexternal.code.tex 2014/07/09  (rcs-revision 1.21)
\pgfexternal@startupbox=\box54
))
(c:/w32tex/share/texmf-dist/tex/generic/pgf/basiclayer/pgfcorelayers.code.tex
File: pgfcorelayers.code.tex 2013/07/18  (rcs-revision 1.7)
)
(c:/w32tex/share/texmf-dist/tex/generic/pgf/basiclayer/pgfcoretransparency.code
.tex
File: pgfcoretransparency.code.tex 2013/09/30  (rcs-revision 1.5)
)
(c:/w32tex/share/texmf-dist/tex/generic/pgf/basiclayer/pgfcorepatterns.code.tex
File: pgfcorepatterns.code.tex 2013/11/07  (rcs-revision 1.5)
))) (c:/w32tex/share/texmf-dist/tex/latex/pgf/utilities/xxcolor.sty
Package: xxcolor 2003/10/24 ver 0.1
\XC@nummixins=\count119
\XC@countmixins=\count120
)
(c:/w32tex/share/texmf-dist/tex/generic/oberdiek/atbegshi.sty
Package: atbegshi 2016/06/09 v1.18 At begin shipout hook (HO)

(c:/w32tex/share/texmf-dist/tex/generic/oberdiek/infwarerr.sty
Package: infwarerr 2016/05/16 v1.4 Providing info/warning/error messages (HO)
)
(c:/w32tex/share/texmf-dist/tex/generic/oberdiek/ltxcmds.sty
Package: ltxcmds 2016/05/16 v1.23 LaTeX kernel commands for general use (HO)
))
(c:/w32tex/share/texmf-dist/tex/latex/hyperref/hyperref.sty
Package: hyperref 2016/06/24 v6.83q Hypertext links for LaTeX

(c:/w32tex/share/texmf-dist/tex/generic/oberdiek/hobsub-hyperref.sty
Package: hobsub-hyperref 2016/05/16 v1.14 Bundle oberdiek, subset hyperref (HO)


(c:/w32tex/share/texmf-dist/tex/generic/oberdiek/hobsub-generic.sty
Package: hobsub-generic 2016/05/16 v1.14 Bundle oberdiek, subset generic (HO)
Package: hobsub 2016/05/16 v1.14 Construct package bundles (HO)
Package hobsub Info: Skipping package `infwarerr' (already loaded).
Package hobsub Info: Skipping package `ltxcmds' (already loaded).
Package: ifluatex 2016/05/16 v1.4 Provides the ifluatex switch (HO)
Package ifluatex Info: LuaTeX not detected.
Package hobsub Info: Skipping package `ifvtex' (already loaded).
Package: intcalc 2016/05/16 v1.2 Expandable calculations with integers (HO)
Package hobsub Info: Skipping package `ifpdf' (already loaded).
Package: etexcmds 2016/05/16 v1.6 Avoid name clashes with e-TeX commands (HO)
Package etexcmds Info: Could not find \expanded.
(etexcmds)             That can mean that you are not using pdfTeX 1.50 or
(etexcmds)             that some package has redefined \expanded.
(etexcmds)             In the latter case, load this package earlier.
Package: kvsetkeys 2016/05/16 v1.17 Key value parser (HO)
Package: kvdefinekeys 2016/05/16 v1.4 Define keys (HO)
Package: pdftexcmds 2016/05/21 v0.22 Utility functions of pdfTeX for LuaTeX (HO
)
Package pdftexcmds Info: LuaTeX not detected.
Package pdftexcmds Info: pdfTeX >= 1.30 not detected.
Package pdftexcmds Info: \pdf@primitive is available.
Package pdftexcmds Info: \pdf@ifprimitive is available.
Package pdftexcmds Info: \pdfdraftmode not found.
Package: pdfescape 2016/05/16 v1.14 Implements pdfTeX's escape features (HO)
Package: bigintcalc 2016/05/16 v1.4 Expandable calculations on big integers (HO
)
Package: bitset 2016/05/16 v1.2 Handle bit-vector datatype (HO)
Package: uniquecounter 2016/05/16 v1.3 Provide unlimited unique counter (HO)
)
Package hobsub Info: Skipping package `hobsub' (already loaded).
Package: letltxmacro 2016/05/16 v1.5 Let assignment for LaTeX macros (HO)
Package: hopatch 2016/05/16 v1.3 Wrapper for package hooks (HO)
Package: xcolor-patch 2016/05/16 xcolor patch
Package: atveryend 2016/05/16 v1.9 Hooks at the very end of document (HO)
Package atveryend Info: \enddocument detected (standard20110627).
Package hobsub Info: Skipping package `atbegshi' (already loaded).
Package: refcount 2016/05/16 v3.5 Data extraction from label references (HO)
Package: hycolor 2016/05/16 v1.8 Color options for hyperref/bookmark (HO)
)
(c:/w32tex/share/texmf-dist/tex/latex/oberdiek/auxhook.sty
Package: auxhook 2016/05/16 v1.4 Hooks for auxiliary files (HO)
)
(c:/w32tex/share/texmf-dist/tex/latex/oberdiek/kvoptions.sty
Package: kvoptions 2016/05/16 v3.12 Key value format for package options (HO)
)
\@linkdim=\dimen180
\Hy@linkcounter=\count121
\Hy@pagecounter=\count122

(c:/w32tex/share/texmf-dist/tex/latex/hyperref/pd1enc.def
File: pd1enc.def 2016/06/24 v6.83q Hyperref: PDFDocEncoding definition (HO)
)
\Hy@SavedSpaceFactor=\count123

(c:/w32tex/share/texmf-dist/tex/latex/config/hyperref.cfg
File: hyperref.cfg 2002/06/06 v1.2 hyperref configuration of TeXLive
)
Package hyperref Info: Option `bookmarks' set `true' on input line 4362.
Package hyperref Info: Option `bookmarksopen' set `true' on input line 4362.
Package hyperref Info: Option `implicit' set `false' on input line 4362.
Package hyperref Info: Hyper figures OFF on input line 4486.
Package hyperref Info: Link nesting OFF on input line 4491.
Package hyperref Info: Hyper index ON on input line 4494.
Package hyperref Info: Plain pages OFF on input line 4501.
Package hyperref Info: Backreferencing OFF on input line 4506.
Package hyperref Info: Implicit mode OFF; no redefinition of LaTeX internals.
Package hyperref Info: Bookmarks ON on input line 4735.
\c@Hy@tempcnt=\count124

(c:/w32tex/share/texmf-dist/tex/latex/url/url.sty
\Urlmuskip=\muskip10
Package: url 2013/09/16  ver 3.4  Verb mode for urls, etc.
)
LaTeX Info: Redefining \url on input line 5088.
\XeTeXLinkMargin=\dimen181
\Fld@menulength=\count125
\Field@Width=\dimen182
\Fld@charsize=\dimen183
Package hyperref Info: Hyper figures OFF on input line 6342.
Package hyperref Info: Link nesting OFF on input line 6347.
Package hyperref Info: Hyper index ON on input line 6350.
Package hyperref Info: backreferencing OFF on input line 6357.
Package hyperref Info: Link coloring OFF on input line 6362.
Package hyperref Info: Link coloring with OCG OFF on input line 6367.
Package hyperref Info: PDF/A mode OFF on input line 6372.
LaTeX Info: Redefining \ref on input line 6412.
LaTeX Info: Redefining \pageref on input line 6416.
\Hy@abspage=\count126


Package hyperref Message: Stopped early.

)

Package hyperref Message: Driver: hdvipdfm.

(c:/w32tex/share/texmf-dist/tex/latex/hyperref/hdvipdfm.def
File: hdvipdfm.def 2016/06/24 v6.83q Hyperref driver for dvipdfm
\pdfm@box=\box55
\c@Hy@AnnotLevel=\count127
\HyField@AnnotCount=\count128
\Fld@listcount=\count129
\c@bookmark@seq@number=\count130

(c:/w32tex/share/texmf-dist/tex/latex/oberdiek/rerunfilecheck.sty
Package: rerunfilecheck 2016/05/16 v1.8 Rerun checks for auxiliary files (HO)
Package uniquecounter Info: New unique counter `rerunfilecheck' on input line 2
82.
))
(c:/w32tex/share/texmf-dist/tex/latex/beamer/beamerbaserequires.sty
Package: beamerbaserequires 2010/05/01  (rcs-revision efa082c6111d)

(c:/w32tex/share/texmf-dist/tex/latex/beamer/beamerbasecompatibility.sty
Package: beamerbasecompatibility 2012/05/01  (rcs-revision 67c48b3b652d)
)
(c:/w32tex/share/texmf-dist/tex/latex/beamer/beamerbasefont.sty
Package: beamerbasefont 2015/01/05  (rcs-revision b4b4bee242e2)

(c:/w32tex/share/texmf-dist/tex/latex/amsfonts/amssymb.sty
Package: amssymb 2013/01/14 v3.01 AMS font symbols

(c:/w32tex/share/texmf-dist/tex/latex/amsfonts/amsfonts.sty
Package: amsfonts 2013/01/14 v3.01 Basic AMSFonts support
\@emptytoks=\toks27
\symAMSa=\mathgroup4
\symAMSb=\mathgroup5
LaTeX Font Info:    Overwriting math alphabet `\mathfrak' in version `bold'
(Font)                  U/euf/m/n --> U/euf/b/n on input line 106.
)))
(c:/w32tex/share/texmf-dist/tex/latex/beamer/beamerbasetranslator.sty
Package: beamerbasetranslator 2010/06/11  (rcs-revision 85fd1cc7fc42)

(c:/w32tex/share/texmf-dist/tex/latex/beamer/translator/translator.sty
Package: translator 2010/06/12 ver 1.10

(c:/w32tex/share/texmf-dist/tex/latex/beamer/translator/translator-language-map
pings.tex))) (c:/w32tex/share/texmf-dist/tex/latex/beamer/beamerbasemisc.sty
Package: beamerbasemisc 2013/09/03  (rcs-revision a55719c41d85)
)
(c:/w32tex/share/texmf-dist/tex/latex/beamer/beamerbasetwoscreens.sty
Package: beamerbasetwoscreens 2010/05/01  (rcs-revision efa082c6111d)
)
(c:/w32tex/share/texmf-dist/tex/latex/beamer/beamerbaseoverlay.sty
Package: beamerbaseoverlay 2013/12/25  (rcs-revision f6bd5e3805da)
\beamer@argscount=\count131
\beamer@lastskipcover=\skip44
\beamer@trivlistdepth=\count132
)
(c:/w32tex/share/texmf-dist/tex/latex/beamer/beamerbasetitle.sty
Package: beamerbasetitle 2010/09/21  (rcs-revision f0446ed0b6ae)
)
(c:/w32tex/share/texmf-dist/tex/latex/beamer/beamerbasesection.sty
Package: beamerbasesection 2013/06/07  (rcs-revision 60b9fe0f342f)
\c@lecture=\count133
\c@part=\count134
\c@section=\count135
\c@subsection=\count136
\c@subsubsection=\count137
)
(c:/w32tex/share/texmf-dist/tex/latex/beamer/beamerbaseframe.sty
Package: beamerbaseframe 2014/02/20  (rcs-revision 4b8ceeeff434)
\beamer@framebox=\box56
\beamer@frametitlebox=\box57
\beamer@zoombox=\box58
\beamer@zoomcount=\count138
\beamer@zoomframecount=\count139
\beamer@frametextheight=\dimen184
\c@subsectionslide=\count140
\beamer@frametopskip=\skip45
\beamer@framebottomskip=\skip46
\beamer@frametopskipautobreak=\skip47
\beamer@framebottomskipautobreak=\skip48
\beamer@envbody=\toks28
\framewidth=\dimen185
\c@framenumber=\count141
)
(c:/w32tex/share/texmf-dist/tex/latex/beamer/beamerbaseverbatim.sty
Package: beamerbaseverbatim 2015/01/05  (rcs-revision 431510bb5890)
\beamer@verbatimfileout=\write4
)
(c:/w32tex/share/texmf-dist/tex/latex/beamer/beamerbaseframesize.sty
Package: beamerbaseframesize 2011/09/12  (rcs-revision 70f9d8411e54)
\beamer@splitbox=\box59
\beamer@autobreakcount=\count142
\beamer@autobreaklastheight=\dimen186
\beamer@frametitletoks=\toks29
\beamer@framesubtitletoks=\toks30
)
(c:/w32tex/share/texmf-dist/tex/latex/beamer/beamerbaseframecomponents.sty
Package: beamerbaseframecomponents 2013/10/18  (rcs-revision 5cf6c5555a45)
\beamer@footins=\box60
)
(c:/w32tex/share/texmf-dist/tex/latex/beamer/beamerbasecolor.sty
Package: beamerbasecolor 2015/02/21  (rcs-revision d944b04ee2d5)
)
(c:/w32tex/share/texmf-dist/tex/latex/beamer/beamerbasenotes.sty
Package: beamerbasenotes 2012/12/19  (rcs-revision 1686da3db3c9)
\beamer@frameboxcopy=\box61
)
(c:/w32tex/share/texmf-dist/tex/latex/beamer/beamerbasetoc.sty
Package: beamerbasetoc 2015/03/08  (rcs-revision 7270298bbaae)
)
(c:/w32tex/share/texmf-dist/tex/latex/beamer/beamerbasetemplates.sty
Package: beamerbasetemplates 2010/05/01  (rcs-revision efa082c6111d)
\beamer@sbttoks=\toks31

(c:/w32tex/share/texmf-dist/tex/latex/beamer/beamerbaseauxtemplates.sty
Package: beamerbaseauxtemplates 2014/06/30  (rcs-revision 580088513a67)

(c:/w32tex/share/texmf-dist/tex/latex/beamer/beamerbaseboxes.sty
Package: beamerbaseboxes 2012/05/13  (rcs-revision 56972908a390)
\bmb@box=\box62
\bmb@colorbox=\box63
\bmb@boxshadow=\box64
\bmb@boxshadowball=\box65
\bmb@boxshadowballlarge=\box66
\bmb@temp=\dimen187
\bmb@dima=\dimen188
\bmb@dimb=\dimen189
\bmb@prevheight=\dimen190
)
\beamer@blockheadheight=\dimen191
))
(c:/w32tex/share/texmf-dist/tex/latex/beamer/beamerbaselocalstructure.sty
Package: beamerbaselocalstructure 2014/09/10  (rcs-revision 393f6dcff371)

(c:/w32tex/share/texmf-dist/tex/latex/tools/enumerate.sty
Package: enumerate 2015/07/23 v3.00 enumerate extensions (DPC)
\@enLab=\toks32
)
\c@figure=\count143
\c@table=\count144
\abovecaptionskip=\skip49
\belowcaptionskip=\skip50
)
(c:/w32tex/share/texmf-dist/tex/latex/beamer/beamerbasenavigation.sty
Package: beamerbasenavigation 2015/02/27  (rcs-revision 923f4bf87efa)
\beamer@section@min@dim=\dimen192
)
(c:/w32tex/share/texmf-dist/tex/latex/beamer/beamerbasetheorems.sty
Package: beamerbasetheorems 2010/06/06  (rcs-revision 7e7cc5e53e9d)

(c:/w32tex/share/texmf-dist/tex/latex/amsmath/amsmath.sty
Package: amsmath 2016/06/28 v2.15d AMS math features
\@mathmargin=\skip51

For additional information on amsmath, use the `?' option.
(c:/w32tex/share/texmf-dist/tex/latex/amsmath/amstext.sty
Package: amstext 2000/06/29 v2.01 AMS text

(c:/w32tex/share/texmf-dist/tex/latex/amsmath/amsgen.sty
File: amsgen.sty 1999/11/30 v2.0 generic functions
\@emptytoks=\toks33
\ex@=\dimen193
))
(c:/w32tex/share/texmf-dist/tex/latex/amsmath/amsbsy.sty
Package: amsbsy 1999/11/29 v1.2d Bold Symbols
\pmbraise@=\dimen194
)
(c:/w32tex/share/texmf-dist/tex/latex/amsmath/amsopn.sty
Package: amsopn 2016/03/08 v2.02 operator names
)
\inf@bad=\count145
LaTeX Info: Redefining \frac on input line 199.
\uproot@=\count146
\leftroot@=\count147
LaTeX Info: Redefining \overline on input line 297.
\classnum@=\count148
\DOTSCASE@=\count149
LaTeX Info: Redefining \ldots on input line 394.
LaTeX Info: Redefining \dots on input line 397.
LaTeX Info: Redefining \cdots on input line 518.
\Mathstrutbox@=\box67
\strutbox@=\box68
\big@size=\dimen195
LaTeX Font Info:    Redeclaring font encoding OML on input line 634.
LaTeX Font Info:    Redeclaring font encoding OMS on input line 635.
\macc@depth=\count150
\c@MaxMatrixCols=\count151
\dotsspace@=\muskip11
\c@parentequation=\count152
\dspbrk@lvl=\count153
\tag@help=\toks34
\row@=\count154
\column@=\count155
\maxfields@=\count156
\andhelp@=\toks35
\eqnshift@=\dimen196
\alignsep@=\dimen197
\tagshift@=\dimen198
\tagwidth@=\dimen199
\totwidth@=\dimen256
\lineht@=\dimen257
\@envbody=\toks36
\multlinegap=\skip52
\multlinetaggap=\skip53
\mathdisplay@stack=\toks37
LaTeX Info: Redefining \[ on input line 2739.
LaTeX Info: Redefining \] on input line 2740.
)
(c:/w32tex/share/texmf-dist/tex/latex/amscls/amsthm.sty
Package: amsthm 2015/03/10 v2.20.2
\thm@style=\toks38
\thm@bodyfont=\toks39
\thm@headfont=\toks40
\thm@notefont=\toks41
\thm@headpunct=\toks42
\thm@preskip=\skip54
\thm@postskip=\skip55
\thm@headsep=\skip56
\dth@everypar=\toks43
)
\c@theorem=\count157
)
(c:/w32tex/share/texmf-dist/tex/latex/beamer/beamerbasethemes.sty
Package: beamerbasethemes 2010/05/01  (rcs-revision efa082c6111d)
))
(c:/w32tex/share/texmf-dist/tex/latex/beamer/themes/theme/beamerthemedefault.st
y
Package: beamerthemedefault 2010/06/17  (rcs-revision d02a7cf4d8ae)

(c:/w32tex/share/texmf-dist/tex/latex/beamer/themes/font/beamerfontthemedefault
.sty
Package: beamerfontthemedefault 2012/12/19  (rcs-revision 1686da3db3c9)
)
(c:/w32tex/share/texmf-dist/tex/latex/beamer/themes/color/beamercolorthemedefau
lt.sty
Package: beamercolorthemedefault 2012/12/19  (rcs-revision 1686da3db3c9)
)
(c:/w32tex/share/texmf-dist/tex/latex/beamer/themes/inner/beamerinnerthemedefau
lt.sty
Package: beamerinnerthemedefault 2014/06/30  (rcs-revision 580088513a67)
\beamer@dima=\dimen258
\beamer@dimb=\dimen259
)
(c:/w32tex/share/texmf-dist/tex/latex/beamer/themes/outer/beamerouterthemedefau
lt.sty
Package: beamerouterthemedefault 2012/12/19  (rcs-revision 1686da3db3c9)
))) (c:/w32tex/share/texmf-dist/tex/platex/jsclasses/minijs.sty
Package: minijs 2016/07/16 okumura, texjporg
LaTeX Info: Redefining \rmfamily on input line 40.
LaTeX Info: Redefining \sffamily on input line 43.
LaTeX Info: Redefining \ttfamily on input line 46.
LaTeX Font Info:    Font shape `JT1/mc/m/n' will be
(Font)              scaled to size 9.60999pt on input line 49.
LaTeX Font Info:    Font shape `JY1/mc/m/n' will be
(Font)              scaled to size 9.60999pt on input line 49.
)
(c:/w32tex/share/texmf-dist/tex/latex/beamer/themes/theme/beamerthemeEastLansin
g.sty
Package: beamerthemeEastLansing 2012/03/07  (rcs-revision adfc58636b1f)

(c:/w32tex/share/texmf-dist/tex/latex/beamer/themes/inner/beamerinnerthemeround
ed.sty
Package: beamerinnerthemerounded 2010/06/17  (rcs-revision d02a7cf4d8ae)
)
(c:/w32tex/share/texmf-dist/tex/latex/beamer/themes/outer/beamerouterthemeinfol
ines.sty
Package: beamerouterthemeinfolines 2012/10/16  (rcs-revision 51a8c72084af)
)
(c:/w32tex/share/texmf-dist/tex/latex/beamer/themes/color/beamercolorthemespruc
e.sty
Package: beamercolorthemespruce 2012/03/07  (rcs-revision adfc58636b1f)
)) (c:/w32tex/share/texmf-dist/tex/latex/pgf/frontendlayer/tikz.sty
(c:/w32tex/share/texmf-dist/tex/latex/pgf/basiclayer/pgf.sty
Package: pgf 2015/08/07 v3.0.1a (rcs-revision 1.15)

(c:/w32tex/share/texmf-dist/tex/generic/pgf/modules/pgfmoduleshapes.code.tex
File: pgfmoduleshapes.code.tex 2014/03/21  (rcs-revision 1.35)
\pgfnodeparttextbox=\box69
)
(c:/w32tex/share/texmf-dist/tex/generic/pgf/modules/pgfmoduleplot.code.tex
File: pgfmoduleplot.code.tex 2015/08/03  (rcs-revision 1.13)
)
(c:/w32tex/share/texmf-dist/tex/latex/pgf/compatibility/pgfcomp-version-0-65.st
y
Package: pgfcomp-version-0-65 2007/07/03 v3.0.1a (rcs-revision 1.7)
\pgf@nodesepstart=\dimen260
\pgf@nodesepend=\dimen261
)
(c:/w32tex/share/texmf-dist/tex/latex/pgf/compatibility/pgfcomp-version-1-18.st
y
Package: pgfcomp-version-1-18 2007/07/23 v3.0.1a (rcs-revision 1.1)
)) (c:/w32tex/share/texmf-dist/tex/latex/pgf/utilities/pgffor.sty
(c:/w32tex/share/texmf-dist/tex/latex/pgf/utilities/pgfkeys.sty
(c:/w32tex/share/texmf-dist/tex/generic/pgf/utilities/pgfkeys.code.tex))
(c:/w32tex/share/texmf-dist/tex/latex/pgf/math/pgfmath.sty
(c:/w32tex/share/texmf-dist/tex/generic/pgf/math/pgfmath.code.tex))
(c:/w32tex/share/texmf-dist/tex/generic/pgf/utilities/pgffor.code.tex
Package: pgffor 2013/12/13 v3.0.1a (rcs-revision 1.25)

(c:/w32tex/share/texmf-dist/tex/generic/pgf/math/pgfmath.code.tex)
\pgffor@iter=\dimen262
\pgffor@skip=\dimen263
\pgffor@stack=\toks44
\pgffor@toks=\toks45
))
(c:/w32tex/share/texmf-dist/tex/generic/pgf/frontendlayer/tikz/tikz.code.tex
Package: tikz 2015/08/07 v3.0.1a (rcs-revision 1.151)

(c:/w32tex/share/texmf-dist/tex/generic/pgf/libraries/pgflibraryplothandlers.co
de.tex
File: pgflibraryplothandlers.code.tex 2013/08/31 v3.0.1a (rcs-revision 1.20)
\pgf@plot@mark@count=\count158
\pgfplotmarksize=\dimen264
)
\tikz@lastx=\dimen265
\tikz@lasty=\dimen266
\tikz@lastxsaved=\dimen267
\tikz@lastysaved=\dimen268
\tikzleveldistance=\dimen269
\tikzsiblingdistance=\dimen270
\tikz@figbox=\box70
\tikz@figbox@bg=\box71
\tikz@tempbox=\box72
\tikz@tempbox@bg=\box73
\tikztreelevel=\count159
\tikznumberofchildren=\count160
\tikznumberofcurrentchild=\count161
\tikz@fig@count=\count162

(c:/w32tex/share/texmf-dist/tex/generic/pgf/modules/pgfmodulematrix.code.tex
File: pgfmodulematrix.code.tex 2013/09/17  (rcs-revision 1.8)
\pgfmatrixcurrentrow=\count163
\pgfmatrixcurrentcolumn=\count164
\pgf@matrix@numberofcolumns=\count165
)
\tikz@expandcount=\count166

(c:/w32tex/share/texmf-dist/tex/generic/pgf/frontendlayer/tikz/libraries/tikzli
brarytopaths.code.tex
File: tikzlibrarytopaths.code.tex 2008/06/17 v3.0.1a (rcs-revision 1.2)
))) (c:/w32tex/share/texmf-dist/tex/latex/tools/xspace.sty
Package: xspace 2014/10/28 v1.13 Space after command names (DPC,MH)
) (c:/w32tex/share/texmf-dist/tex/latex/comment/comment.sty
\CommentStream=\write5

Excluding comment 'comment')
(c:/w32tex/share/texmf-dist/tex/platex/japanese-otf/otf.sty
Package: otf 2013/11/17 v1.7b6 psitau, u0.17 ttk

(c:/w32tex/share/texmf-dist/tex/platex/japanese-otf/ajmacros.sty
Package: ajmacros 2005/12/25 13:52 iNOUE Koich! <inoue@ma.ns.musashi-tech.ac.jp
>
\@tempcntc=\count167
\@tempcntd=\count168
\@tempcnte=\count169
\@tempcntf=\count170
))
(c:/w32tex/share/texmf-dist/tex/platex/base/ascmac.sty
Package: ascmac 2016/08/21 v2.0c ascmac wrapper (community edition) 

(c:/w32tex/share/texmf-dist/tex/platex/base/tascmac.sty
Package: tascmac 2016/08/21 v2.0c ascmac package (community edition) 
\@savetbaselineshift=\dimen271
\@saveybaselineshift=\dimen272
\scb@x=\box74
\scscb@x=\box75
\@bw=\dimen273
\@nbox=\box76
\@nbody=\box77
\@scw=\dimen274
\@itemh=\dimen275
\@iboxpos=\toks46
\@iboxstr=\box78
\@bwsp=\box79
\@@bwsp=\box80
\@bcal=\count171
\shaderule=\dimen276
))
(c:/w32tex/share/texmf-dist/tex/latex/caption/caption.sty
Package: caption 2016/02/21 v3.3-144 Customizing captions (AR)

(c:/w32tex/share/texmf-dist/tex/latex/caption/caption3.sty
Package: caption3 2016/05/22 v1.7-166 caption3 kernel (AR)
Package caption3 Info: TeX engine: e-TeX on input line 67.
\captionmargin=\dimen277
\captionmargin@=\dimen278
\captionwidth=\dimen279
\caption@tempdima=\dimen280
\caption@indent=\dimen281
\caption@parindent=\dimen282
\caption@hangindent=\dimen283
)
\c@ContinuedFloat=\count172
Package caption Info: beamer document class.
Package caption Info: hyperref package is loaded.
Package caption Info: Hyperref support is turned off
(caption)             because hyperref has stopped early.
)
(c:/w32tex/share/texmf-dist/tex/generic/pgf/frontendlayer/tikz/libraries/tikzli
brarylindenmayersystems.code.tex
(c:/w32tex/share/texmf-dist/tex/generic/pgf/libraries/pgflibrarylindenmayersyst
ems.code.tex
\pgflsystemstep=\dimen284
\c@pgf@lsystem@iteration=\count173
LaTeX Font Info:    Font shape `JT1/hmc/m/n' will be
(Font)              scaled to size 9.24683pt on input line 46.
LaTeX Font Info:    Font shape `JY1/hmc/m/n' will be
(Font)              scaled to size 9.24683pt on input line 46.
))
(c:/w32tex/share/texmf-dist/tex/generic/pgf/frontendlayer/tikz/libraries/tikzli
braryshapes.code.tex
File: tikzlibraryshapes.code.tex 2008/01/09 v3.0.1a (rcs-revision 1.1)

(c:/w32tex/share/texmf-dist/tex/generic/pgf/frontendlayer/tikz/libraries/tikzli
braryshapes.geometric.code.tex
File: tikzlibraryshapes.geometric.code.tex 2008/01/09 v3.0.1a (rcs-revision 1.1
)

(c:/w32tex/share/texmf-dist/tex/generic/pgf/libraries/shapes/pgflibraryshapes.g
eometric.code.tex
File: pgflibraryshapes.geometric.code.tex 2008/06/26 v3.0.1a (rcs-revision 1.1)

))
(c:/w32tex/share/texmf-dist/tex/generic/pgf/frontendlayer/tikz/libraries/tikzli
braryshapes.misc.code.tex
File: tikzlibraryshapes.misc.code.tex 2008/01/09 v3.0.1a (rcs-revision 1.1)

(c:/w32tex/share/texmf-dist/tex/generic/pgf/libraries/shapes/pgflibraryshapes.m
isc.code.tex
File: pgflibraryshapes.misc.code.tex 2013/07/18 v3.0.1a (rcs-revision 1.5)
))
(c:/w32tex/share/texmf-dist/tex/generic/pgf/frontendlayer/tikz/libraries/tikzli
braryshapes.symbols.code.tex
File: tikzlibraryshapes.symbols.code.tex 2008/01/09 v3.0.1a (rcs-revision 1.1)

(c:/w32tex/share/texmf-dist/tex/generic/pgf/libraries/shapes/pgflibraryshapes.s
ymbols.code.tex
File: pgflibraryshapes.symbols.code.tex 2013/09/11 v3.0.1a (rcs-revision 1.6)
))
(c:/w32tex/share/texmf-dist/tex/generic/pgf/frontendlayer/tikz/libraries/tikzli
braryshapes.arrows.code.tex
File: tikzlibraryshapes.arrows.code.tex 2008/01/09 v3.0.1a (rcs-revision 1.1)

(c:/w32tex/share/texmf-dist/tex/generic/pgf/libraries/shapes/pgflibraryshapes.a
rrows.code.tex
File: pgflibraryshapes.arrows.code.tex 2008/06/26 v3.0.1a (rcs-revision 1.1)
))
(c:/w32tex/share/texmf-dist/tex/generic/pgf/frontendlayer/tikz/libraries/tikzli
braryshapes.callouts.code.tex
(c:/w32tex/share/texmf-dist/tex/generic/pgf/libraries/shapes/pgflibraryshapes.c
allouts.code.tex))
(c:/w32tex/share/texmf-dist/tex/generic/pgf/frontendlayer/tikz/libraries/tikzli
braryshapes.multipart.code.tex
File: tikzlibraryshapes.multipart.code.tex 2008/01/09 v3.0.1a (rcs-revision 1.1
)

(c:/w32tex/share/texmf-dist/tex/generic/pgf/libraries/shapes/pgflibraryshapes.m
ultipart.code.tex
File: pgflibraryshapes.multipart.code.tex 2010/01/07 v3.0.1a (rcs-revision 1.2)

\pgfnodepartlowerbox=\box81
\pgfnodeparttwobox=\box82
\pgfnodepartthreebox=\box83
\pgfnodepartfourbox=\box84
\pgfnodeparttwentybox=\box85
\pgfnodepartnineteenbox=\box86
\pgfnodeparteighteenbox=\box87
\pgfnodepartseventeenbox=\box88
\pgfnodepartsixteenbox=\box89
\pgfnodepartfifteenbox=\box90
\pgfnodepartfourteenbox=\box91
\pgfnodepartthirteenbox=\box92
\pgfnodeparttwelvebox=\box93
\pgfnodepartelevenbox=\box94
\pgfnodeparttenbox=\box95
\pgfnodepartninebox=\box96
\pgfnodeparteightbox=\box97
\pgfnodepartsevenbox=\box98
\pgfnodepartsixbox=\box99
\pgfnodepartfivebox=\box100
)))
(c:/w32tex/share/texmf-dist/tex/generic/pgf/frontendlayer/tikz/libraries/tikzli
braryarrows.code.tex
File: tikzlibraryarrows.code.tex 2008/01/09 v3.0.1a (rcs-revision 1.1)

(c:/w32tex/share/texmf-dist/tex/generic/pgf/libraries/pgflibraryarrows.code.tex
File: pgflibraryarrows.code.tex 2013/09/23 v3.0.1a (rcs-revision 1.16)
\arrowsize=\dimen285
))
(c:/w32tex/share/texmf-dist/tex/generic/pgf/frontendlayer/tikz/libraries/tikzli
brarypositioning.code.tex
File: tikzlibrarypositioning.code.tex 2008/10/06 v3.0.1a (rcs-revision 1.7)
)
(c:/w32tex/share/texmf-dist/tex/generic/pgf/frontendlayer/tikz/libraries/tikzli
braryautomata.code.tex
File: tikzlibraryautomata.code.tex 2008/07/14 v3.0.1a (rcs-revision 1.3)
)
(c:/w32tex/share/texmf-dist/tex/generic/pgf/frontendlayer/tikz/libraries/tikzli
brarydecorations.markings.code.tex
(c:/w32tex/share/texmf-dist/tex/generic/pgf/frontendlayer/tikz/libraries/tikzli
brarydecorations.code.tex
(c:/w32tex/share/texmf-dist/tex/generic/pgf/modules/pgfmoduledecorations.code.t
ex
\pgfdecoratedcompleteddistance=\dimen286
\pgfdecoratedremainingdistance=\dimen287
\pgfdecoratedinputsegmentcompleteddistance=\dimen288
\pgfdecoratedinputsegmentremainingdistance=\dimen289
\pgf@decorate@distancetomove=\dimen290
\pgf@decorate@repeatstate=\count174
\pgfdecorationsegmentamplitude=\dimen291
\pgfdecorationsegmentlength=\dimen292
)
\tikz@lib@dec@box=\box101
)
(c:/w32tex/share/texmf-dist/tex/generic/pgf/libraries/decorations/pgflibrarydec
orations.markings.code.tex))
(c:/w32tex/share/texmf-dist/tex/latex/mathtools/mathtools.sty
Package: mathtools 2015/11/12 v1.18 mathematical typesetting tools

(c:/w32tex/share/texmf-dist/tex/latex/tools/calc.sty
Package: calc 2014/10/28 v4.3 Infix arithmetic (KKT,FJ)
\calc@Acount=\count175
\calc@Bcount=\count176
\calc@Adimen=\dimen293
\calc@Bdimen=\dimen294
\calc@Askip=\skip57
\calc@Bskip=\skip58
LaTeX Info: Redefining \setlength on input line 80.
LaTeX Info: Redefining \addtolength on input line 81.
\calc@Ccount=\count177
\calc@Cskip=\skip59
)
(c:/w32tex/share/texmf-dist/tex/latex/mathtools/mhsetup.sty
Package: mhsetup 2010/01/21 v1.2a programming setup (MH)
)
LaTeX Info: Thecontrolsequence`\('isalreadyrobust on input line 129.
LaTeX Info: Thecontrolsequence`\)'isalreadyrobust on input line 129.
LaTeX Info: Thecontrolsequence`\['isalreadyrobust on input line 129.
LaTeX Info: Thecontrolsequence`\]'isalreadyrobust on input line 129.
\g_MT_multlinerow_int=\count178
\l_MT_multwidth_dim=\dimen295
\origjot=\skip60
\l_MT_shortvdotswithinadjustabove_dim=\dimen296
\l_MT_shortvdotswithinadjustbelow_dim=\dimen297
\l_MT_above_intertext_sep=\dimen298
\l_MT_below_intertext_sep=\dimen299
\l_MT_above_shortintertext_sep=\dimen300
\l_MT_below_shortintertext_sep=\dimen301
)
(c:/w32tex/share/texmf-dist/tex/generic/pgf/frontendlayer/tikz/libraries/tikzli
brarydecorations.pathmorphing.code.tex
(c:/w32tex/share/texmf-dist/tex/generic/pgf/libraries/decorations/pgflibrarydec
orations.pathmorphing.code.tex))
(c:/w32tex/share/texmf-dist/tex/generic/pgf/frontendlayer/tikz/libraries/tikzli
brarydecorations.pathreplacing.code.tex
(c:/w32tex/share/texmf-dist/tex/generic/pgf/libraries/decorations/pgflibrarydec
orations.pathreplacing.code.tex)) (./CIAA_power.aux)
\openout1 = `CIAA_power.aux'.

LaTeX Font Info:    Checking defaults for OML/cmm/m/it on input line 62.
LaTeX Font Info:    ... okay on input line 62.
LaTeX Font Info:    Checking defaults for T1/cmr/m/n on input line 62.
LaTeX Font Info:    ... okay on input line 62.
LaTeX Font Info:    Checking defaults for OT1/cmr/m/n on input line 62.
LaTeX Font Info:    ... okay on input line 62.
LaTeX Font Info:    Checking defaults for OMS/cmsy/m/n on input line 62.
LaTeX Font Info:    ... okay on input line 62.
LaTeX Font Info:    Checking defaults for OMX/cmex/m/n on input line 62.
LaTeX Font Info:    ... okay on input line 62.
LaTeX Font Info:    Checking defaults for U/cmr/m/n on input line 62.
LaTeX Font Info:    ... okay on input line 62.
LaTeX Font Info:    Checking defaults for JY1/mc/m/n on input line 62.
LaTeX Font Info:    ... okay on input line 62.
LaTeX Font Info:    Checking defaults for JT1/mc/m/n on input line 62.
LaTeX Font Info:    ... okay on input line 62.
LaTeX Font Info:    Checking defaults for PD1/pdf/m/n on input line 62.
LaTeX Font Info:    ... okay on input line 62.
LaTeX Font Info:    Font shape `JT1/hgt/m/n' will be
(Font)              scaled to size 9.24683pt on input line 62.
LaTeX Font Info:    Font shape `JY1/hgt/m/n' will be
(Font)              scaled to size 9.24683pt on input line 62.

*geometry* driver: auto-detecting
*geometry* detected driver: dvips
*geometry* verbose mode - [ preamble ] result:
* driver: dvips
* paper: custom
* layout: <same size as paper>
* layoutoffset:(h,v)=(0.0pt,0.0pt)
* modes: includehead includefoot 
* h-part:(L,W,R)=(10.00002pt, 344.19533pt, 10.00002pt)
* v-part:(T,H,B)=(0.0pt, 273.14662pt, 0.0pt)
* \paperwidth=364.19536pt
* \paperheight=273.14662pt
* \textwidth=344.19533pt
* \textheight=244.6939pt
* \oddsidemargin=-62.26997pt
* \evensidemargin=-62.26997pt
* \topmargin=-72.26999pt
* \headheight=14.22636pt
* \headsep=0.0pt
* \topskip=10.0pt
* \footskip=14.22636pt
* \marginparwidth=3.0pt
* \marginparsep=11.0pt
* \columnsep=27.74062pt
* \skip\footins=9.0pt plus 4.0pt minus 2.0pt
* \hoffset=0.0pt
* \voffset=0.0pt
* \mag=1000
* \@twocolumnfalse
* \@twosidefalse
* \@mparswitchfalse
* \@reversemarginfalse
* (1in=72.27pt=25.4mm, 1cm=28.453pt)

ABD: EveryShipout initializing macros
\AtBeginShipoutBox=\box102
Package hyperref Info: Link coloring OFF on input line 62.

(c:/w32tex/share/texmf-dist/tex/latex/hyperref/nameref.sty
Package: nameref 2016/05/21 v2.44 Cross-referencing by name of section

(c:/w32tex/share/texmf-dist/tex/generic/oberdiek/gettitlestring.sty
Package: gettitlestring 2016/05/16 v1.5 Cleanup title references (HO)
)
\c@section@level=\count179
)
LaTeX Info: Redefining \ref on input line 62.
LaTeX Info: Redefining \pageref on input line 62.
LaTeX Info: Redefining \nameref on input line 62.

(./CIAA_power.out) (./CIAA_power.out)
\@outlinefile=\write6
\openout6 = `CIAA_power.out'.

LaTeX Font Info:    Overwriting symbol font `operators' in version `normal'
(Font)                  OT1/cmr/m/n --> OT1/cmss/m/n on input line 62.
LaTeX Font Info:    Overwriting symbol font `operators' in version `bold'
(Font)                  OT1/cmr/bx/n --> OT1/cmss/bx/n on input line 62.
\symnumbers=\mathgroup6
\sympureletters=\mathgroup7
LaTeX Font Info:    Overwriting math alphabet `\mathrm' in version `normal'
(Font)                  OT1/cmss/m/n --> OT1/cmr/m/n on input line 62.
LaTeX Font Info:    Redeclaring math alphabet \mathbf on input line 62.
LaTeX Font Info:    Overwriting math alphabet `\mathbf' in version `normal'
(Font)                  OT1/cmr/bx/n --> OT1/cmss/bx/n on input line 62.
LaTeX Font Info:    Overwriting math alphabet `\mathbf' in version `bold'
(Font)                  OT1/cmr/bx/n --> OT1/cmss/bx/n on input line 62.
LaTeX Font Info:    Redeclaring math alphabet \mathsf on input line 62.
LaTeX Font Info:    Overwriting math alphabet `\mathsf' in version `normal'
(Font)                  OT1/cmss/m/n --> OT1/cmss/m/n on input line 62.
LaTeX Font Info:    Overwriting math alphabet `\mathsf' in version `bold'
(Font)                  OT1/cmss/bx/n --> OT1/cmss/m/n on input line 62.
LaTeX Font Info:    Redeclaring math alphabet \mathit on input line 62.
LaTeX Font Info:    Overwriting math alphabet `\mathit' in version `normal'
(Font)                  OT1/cmr/m/it --> OT1/cmss/m/it on input line 62.
LaTeX Font Info:    Overwriting math alphabet `\mathit' in version `bold'
(Font)                  OT1/cmr/bx/it --> OT1/cmss/m/it on input line 62.
LaTeX Font Info:    Redeclaring math alphabet \mathtt on input line 62.
LaTeX Font Info:    Overwriting math alphabet `\mathtt' in version `normal'
(Font)                  OT1/cmtt/m/n --> OT1/cmtt/m/n on input line 62.
LaTeX Font Info:    Overwriting math alphabet `\mathtt' in version `bold'
(Font)                  OT1/cmtt/m/n --> OT1/cmtt/m/n on input line 62.
LaTeX Font Info:    Overwriting symbol font `numbers' in version `bold'
(Font)                  OT1/cmss/m/n --> OT1/cmss/bx/n on input line 62.
LaTeX Font Info:    Overwriting symbol font `pureletters' in version `bold'
(Font)                  OT1/cmss/m/it --> OT1/cmss/bx/it on input line 62.
LaTeX Font Info:    Overwriting math alphabet `\mathrm' in version `bold'
(Font)                  OT1/cmss/bx/n --> OT1/cmr/bx/n on input line 62.
LaTeX Font Info:    Overwriting math alphabet `\mathbf' in version `bold'
(Font)                  OT1/cmss/bx/n --> OT1/cmss/bx/n on input line 62.
LaTeX Font Info:    Overwriting math alphabet `\mathsf' in version `bold'
(Font)                  OT1/cmss/m/n --> OT1/cmss/bx/n on input line 62.
LaTeX Font Info:    Overwriting math alphabet `\mathit' in version `bold'
(Font)                  OT1/cmss/m/it --> OT1/cmss/bx/it on input line 62.
LaTeX Font Info:    Overwriting math alphabet `\mathtt' in version `bold'
(Font)                  OT1/cmtt/m/n --> OT1/cmtt/bx/n on input line 62.

(c:/w32tex/share/texmf-dist/tex/latex/beamer/translator/dicts/translator-basic-
dictionary/translator-basic-dictionary-English.dict
Dictionary: translator-basic-dictionary, Language: English 
)
(c:/w32tex/share/texmf-dist/tex/latex/beamer/translator/dicts/translator-biblio
graphy-dictionary/translator-bibliography-dictionary-English.dict
Dictionary: translator-bibliography-dictionary, Language: English 
)
(c:/w32tex/share/texmf-dist/tex/latex/beamer/translator/dicts/translator-enviro
nment-dictionary/translator-environment-dictionary-English.dict
Dictionary: translator-environment-dictionary, Language: English 
)
(c:/w32tex/share/texmf-dist/tex/latex/beamer/translator/dicts/translator-months
-dictionary/translator-months-dictionary-English.dict
Dictionary: translator-months-dictionary, Language: English 
)
(c:/w32tex/share/texmf-dist/tex/latex/beamer/translator/dicts/translator-number
s-dictionary/translator-numbers-dictionary-English.dict
Dictionary: translator-numbers-dictionary, Language: English 
)
(c:/w32tex/share/texmf-dist/tex/latex/beamer/translator/dicts/translator-theore
m-dictionary/translator-theorem-dictionary-English.dict
Dictionary: translator-theorem-dictionary, Language: English 
)
LaTeX Info: Redefining \includegraphics on input line 62.
Package caption Info: Begin \AtBeginDocument code.
Package caption Info: End \AtBeginDocument code.
 (./CIAA_power.nav)
LaTeX Font Info:    Font shape `JT1/hgt/m/n' will be
(Font)              scaled to size 4.62341pt on input line 62.
LaTeX Font Info:    Font shape `JY1/hgt/m/n' will be
(Font)              scaled to size 4.62341pt on input line 62.


Package hyperref Warning: Option `pdfauthor' has already been used,
(hyperref)                setting the option has no effect on input line 64.

LaTeX Font Info:    Font shape `JT1/hgt/m/n' will be
(Font)              scaled to size 13.31541pt on input line 69.
LaTeX Font Info:    Font shape `JY1/hgt/m/n' will be
(Font)              scaled to size 13.31541pt on input line 69.
LaTeX Font Info:    Font shape `JT1/hgt/m/n' will be
(Font)              scaled to size 6.47278pt on input line 69.
LaTeX Font Info:    Font shape `JY1/hgt/m/n' will be
(Font)              scaled to size 6.47278pt on input line 69.
LaTeX Font Info:    Font shape `JT1/hgt/m/n' will be
(Font)              scaled to size 3.69873pt on input line 69.
LaTeX Font Info:    Font shape `JY1/hgt/m/n' will be
(Font)              scaled to size 3.69873pt on input line 69.

LaTeX Font Warning: Font shape `OT1/cmss/m/n' in size <4> not available
(Font)              size <5> substituted on input line 69.


Overfull \hbox (96.55727pt too wide) has occurred while \output is active
 [][]  \OT1/cmss/m/n/5 ([])  
 []


Overfull \hbox (71.20615pt too wide) has occurred while \output is active
 [][][][]  
 []

[1

]
File: central.png Graphic file (type bmp)
 <central.png>
LaTeX Font Info:    Font shape `JT1/hgt/m/n' will be
(Font)              scaled to size 8.32214pt on input line 84.
LaTeX Font Info:    Font shape `JY1/hgt/m/n' will be
(Font)              scaled to size 8.32214pt on input line 84.

Overfull \hbox (96.55727pt too wide) has occurred while \output is active
 [][]  \OT1/cmss/m/n/5 ([])  
 []


Overfull \hbox (71.20615pt too wide) has occurred while \output is active
 [][][][]  
 []

[2

]
File: rna_polymerase.pdf Graphic file (type pdf)
 <rna_polymerase.pdf>
LaTeX Font Info:    Font shape `JT1/hgt/m/n' will be
(Font)              scaled to size 7.39746pt on input line 234.
LaTeX Font Info:    Font shape `JY1/hgt/m/n' will be
(Font)              scaled to size 7.39746pt on input line 234.

Overfull \hbox (96.55727pt too wide) has occurred while \output is active
 [][]  \OT1/cmss/m/n/5 ([])  
 []


Overfull \hbox (71.20615pt too wide) has occurred while \output is active
 [][][][]  
 []

[3

]
File: rna_origami.pdf Graphic file (type pdf)
 <rna_origami.pdf>

LaTeX Font Warning: Font shape `JT1/hgt/m/it' undefined
(Font)              using `JT1/hgt/m/n' instead on input line 248.


LaTeX Font Warning: Font shape `JY1/hgt/m/it' undefined
(Font)              using `JY1/hgt/m/n' instead on input line 248.


Overfull \hbox (96.55727pt too wide) has occurred while \output is active
 [][]  \OT1/cmss/m/n/5 ([])  
 []


Overfull \hbox (71.20615pt too wide) has occurred while \output is active
 [][][][]  
 []

[4

]
LaTeX Font Info:    Try loading font information for U+msa on input line 503.
 (c:/w32tex/share/texmf-dist/tex/latex/amsfonts/umsa.fd
File: umsa.fd 2013/01/14 v3.01 AMS symbols A
)
LaTeX Font Info:    Try loading font information for U+msb on input line 503.

(c:/w32tex/share/texmf-dist/tex/latex/amsfonts/umsb.fd
File: umsb.fd 2013/01/14 v3.01 AMS symbols B
)
Overfull \hbox (96.55727pt too wide) has occurred while \output is active
 [][]  \OT1/cmss/m/n/5 ([])  
 []


Overfull \hbox (71.20615pt too wide) has occurred while \output is active
 [][][][]  
 []

[5

]
File: rna_origami.pdf Graphic file (type pdf)
 <rna_origami.pdf>
LaTeX Font Info:    Font shape `JT1/hgt/m/it' will be
(Font)              scaled to size 6.47278pt on input line 516.
LaTeX Font Info:    Font shape `JY1/hgt/m/it' will be
(Font)              scaled to size 6.47278pt on input line 516.

Overfull \hbox (96.55727pt too wide) has occurred while \output is active
 [][]  \OT1/cmss/m/n/5 ([])  
 []


Overfull \hbox (71.20615pt too wide) has occurred while \output is active
 [][][][]  
 []

[6

]
File: rna_tile.pdf Graphic file (type pdf)
 <rna_tile.pdf>
File: origami_oritatami.pdf Graphic file (type pdf)
 <origami_oritatami.pdf>
Overfull \hbox (96.55727pt too wide) has occurred while \output is active
 [][]  \OT1/cmss/m/n/5 ([])  
 []


Overfull \hbox (71.20615pt too wide) has occurred while \output is active
 [][][][]  
 []

[7

]
LaTeX Font Info:    Font shape `JT1/hgt/m/n' will be
(Font)              scaled to size 11.09619pt on input line 570.
LaTeX Font Info:    Font shape `JY1/hgt/m/n' will be
(Font)              scaled to size 11.09619pt on input line 570.
File: heighway_ori.pdf Graphic file (type pdf)
 <heighway_ori.pdf>
Overfull \vbox (13.8926pt too high) detected at line 570
 []


Overfull \hbox (96.55727pt too wide) has occurred while \output is active
 [][]  \OT1/cmss/m/n/5 ([])  
 []


Overfull \hbox (71.20615pt too wide) has occurred while \output is active
 [][][][]  
 []

[8

]
LaTeX Font Info:    Font shape `JT1/hgt/m/it' will be
(Font)              scaled to size 9.24683pt on input line 611.
LaTeX Font Info:    Font shape `JY1/hgt/m/it' will be
(Font)              scaled to size 9.24683pt on input line 611.

Overfull \hbox (96.55727pt too wide) has occurred while \output is active
 [][]  \OT1/cmss/m/n/5 ([])  
 []


Overfull \hbox (71.20615pt too wide) has occurred while \output is active
 [][][][]  
 []

[9

]
LaTeX Font Info:    Try loading font information for OMS+cmss on input line 733
.
LaTeX Font Info:    No file OMScmss.fd. on input line 733.


LaTeX Font Warning: Font shape `OMS/cmss/m/n' undefined
(Font)              using `OMS/cmsy/m/n' instead
(Font)              for symbol `textbraceleft' on input line 733.


Overfull \hbox (100.01746pt too wide) in paragraph at lines 733--733
 [] 
 []


Overfull \hbox (96.55727pt too wide) has occurred while \output is active
 [][]  \OT1/cmss/m/n/5 ([])  
 []


Overfull \hbox (71.20615pt too wide) has occurred while \output is active
 [][][][]  
 []

[10

]
Overfull \hbox (100.01746pt too wide) in paragraph at lines 733--733
 [] 
 []


Overfull \hbox (96.55727pt too wide) has occurred while \output is active
 [][]  \OT1/cmss/m/n/5 ([])  
 []


Overfull \hbox (71.20615pt too wide) has occurred while \output is active
 [][][][]  
 []

[11

]
Overfull \hbox (100.01746pt too wide) in paragraph at lines 733--733
 [] 
 []


Overfull \hbox (96.55727pt too wide) has occurred while \output is active
 [][]  \OT1/cmss/m/n/5 ([])  
 []


Overfull \hbox (71.20615pt too wide) has occurred while \output is active
 [][][][]  
 []

[12

]
Overfull \hbox (100.01746pt too wide) in paragraph at lines 733--733
 [] 
 []


Overfull \hbox (96.55727pt too wide) has occurred while \output is active
 [][]  \OT1/cmss/m/n/5 ([])  
 []


Overfull \hbox (71.20615pt too wide) has occurred while \output is active
 [][][][]  
 []

[13

]
Overfull \hbox (100.01746pt too wide) in paragraph at lines 733--733
 [] 
 []


Overfull \hbox (96.55727pt too wide) has occurred while \output is active
 [][]  \OT1/cmss/m/n/5 ([])  
 []


Overfull \hbox (71.20615pt too wide) has occurred while \output is active
 [][][][]  
 []

[14

]
Overfull \hbox (100.01746pt too wide) in paragraph at lines 733--733
 [] 
 []


Overfull \hbox (96.55727pt too wide) has occurred while \output is active
 [][]  \OT1/cmss/m/n/5 ([])  
 []


Overfull \hbox (71.20615pt too wide) has occurred while \output is active
 [][][][]  
 []

[15

]
Overfull \hbox (100.01746pt too wide) in paragraph at lines 733--733
 [] 
 []


Overfull \hbox (96.55727pt too wide) has occurred while \output is active
 [][]  \OT1/cmss/m/n/5 ([])  
 []


Overfull \hbox (71.20615pt too wide) has occurred while \output is active
 [][][][]  
 []

[16

]
Overfull \hbox (100.01746pt too wide) in paragraph at lines 733--733
 [] 
 []


Overfull \hbox (96.55727pt too wide) has occurred while \output is active
 [][]  \OT1/cmss/m/n/5 ([])  
 []


Overfull \hbox (71.20615pt too wide) has occurred while \output is active
 [][][][]  
 []

[17

]
Overfull \hbox (100.01746pt too wide) in paragraph at lines 733--733
 [] 
 []


Overfull \hbox (96.55727pt too wide) has occurred while \output is active
 [][]  \OT1/cmss/m/n/5 ([])  
 []


Overfull \hbox (71.20615pt too wide) has occurred while \output is active
 [][][][]  
 []

[18

]
Overfull \hbox (100.01746pt too wide) in paragraph at lines 733--733
 [] 
 []


Overfull \hbox (96.55727pt too wide) has occurred while \output is active
 [][]  \OT1/cmss/m/n/5 ([])  
 []


Overfull \hbox (71.20615pt too wide) has occurred while \output is active
 [][][][]  
 []

[19

]
Overfull \hbox (100.01746pt too wide) in paragraph at lines 733--733
 [] 
 []


Overfull \hbox (96.55727pt too wide) has occurred while \output is active
 [][]  \OT1/cmss/m/n/5 ([])  
 []


Overfull \hbox (71.20615pt too wide) has occurred while \output is active
 [][][][]  
 []

[20

]
Overfull \hbox (100.01746pt too wide) in paragraph at lines 733--733
 [] 
 []


Overfull \hbox (96.55727pt too wide) has occurred while \output is active
 [][]  \OT1/cmss/m/n/5 ([])  
 []


Overfull \hbox (71.20615pt too wide) has occurred while \output is active
 [][][][]  
 []

[21

]
Overfull \hbox (100.01746pt too wide) in paragraph at lines 733--733
 [] 
 []


Overfull \hbox (96.55727pt too wide) has occurred while \output is active
 [][]  \OT1/cmss/m/n/5 ([])  
 []


Overfull \hbox (71.20615pt too wide) has occurred while \output is active
 [][][][]  
 []

[22

]
Overfull \hbox (100.01746pt too wide) in paragraph at lines 733--733
 [] 
 []


Overfull \hbox (96.55727pt too wide) has occurred while \output is active
 [][]  \OT1/cmss/m/n/5 ([])  
 []


Overfull \hbox (71.20615pt too wide) has occurred while \output is active
 [][][][]  
 []

[23

]
Overfull \hbox (100.01746pt too wide) in paragraph at lines 733--733
 [] 
 []


Overfull \hbox (96.55727pt too wide) has occurred while \output is active
 [][]  \OT1/cmss/m/n/5 ([])  
 []


Overfull \hbox (71.20615pt too wide) has occurred while \output is active
 [][][][]  
 []

[24

]
Overfull \hbox (100.01746pt too wide) in paragraph at lines 733--733
 [] 
 []


Overfull \hbox (96.55727pt too wide) has occurred while \output is active
 [][]  \OT1/cmss/m/n/5 ([])  
 []


Overfull \hbox (71.20615pt too wide) has occurred while \output is active
 [][][][]  
 []

[25

]
Overfull \hbox (100.01746pt too wide) in paragraph at lines 863--863
 [] 
 []


Overfull \hbox (96.55727pt too wide) has occurred while \output is active
 [][]  \OT1/cmss/m/n/5 ([])  
 []


Overfull \hbox (71.20615pt too wide) has occurred while \output is active
 [][][][]  
 []

[26

]
Overfull \hbox (100.01746pt too wide) in paragraph at lines 863--863
 [] 
 []


Overfull \hbox (96.55727pt too wide) has occurred while \output is active
 [][]  \OT1/cmss/m/n/5 ([])  
 []


Overfull \hbox (71.20615pt too wide) has occurred while \output is active
 [][][][]  
 []

[27

]
Overfull \hbox (100.01746pt too wide) in paragraph at lines 863--863
 [] 
 []


Overfull \hbox (96.55727pt too wide) has occurred while \output is active
 [][]  \OT1/cmss/m/n/5 ([])  
 []


Overfull \hbox (71.20615pt too wide) has occurred while \output is active
 [][][][]  
 []

[28

]
Overfull \hbox (100.01746pt too wide) in paragraph at lines 863--863
 [] 
 []


Overfull \hbox (96.55727pt too wide) has occurred while \output is active
 [][]  \OT1/cmss/m/n/5 ([])  
 []


Overfull \hbox (71.20615pt too wide) has occurred while \output is active
 [][][][]  
 []

[29

]
Overfull \hbox (100.01746pt too wide) in paragraph at lines 863--863
 [] 
 []


Overfull \hbox (96.55727pt too wide) has occurred while \output is active
 [][]  \OT1/cmss/m/n/5 ([])  
 []


Overfull \hbox (71.20615pt too wide) has occurred while \output is active
 [][][][]  
 []

[30

]
Overfull \hbox (100.01746pt too wide) in paragraph at lines 863--863
 [] 
 []


Overfull \hbox (96.55727pt too wide) has occurred while \output is active
 [][]  \OT1/cmss/m/n/5 ([])  
 []


Overfull \hbox (71.20615pt too wide) has occurred while \output is active
 [][][][]  
 []

[31

]
Overfull \hbox (100.01746pt too wide) in paragraph at lines 863--863
 [] 
 []


Overfull \hbox (96.55727pt too wide) has occurred while \output is active
 [][]  \OT1/cmss/m/n/5 ([])  
 []


Overfull \hbox (71.20615pt too wide) has occurred while \output is active
 [][][][]  
 []

[32

]
Overfull \hbox (100.01746pt too wide) in paragraph at lines 863--863
 [] 
 []


Overfull \hbox (96.55727pt too wide) has occurred while \output is active
 [][]  \OT1/cmss/m/n/5 ([])  
 []


Overfull \hbox (71.20615pt too wide) has occurred while \output is active
 [][][][]  
 []

[33

]
Overfull \hbox (100.01746pt too wide) in paragraph at lines 863--863
 [] 
 []


Overfull \hbox (96.55727pt too wide) has occurred while \output is active
 [][]  \OT1/cmss/m/n/5 ([])  
 []


Overfull \hbox (71.20615pt too wide) has occurred while \output is active
 [][][][]  
 []

[34

]
Overfull \hbox (100.01746pt too wide) in paragraph at lines 863--863
 [] 
 []


Overfull \hbox (96.55727pt too wide) has occurred while \output is active
 [][]  \OT1/cmss/m/n/5 ([])  
 []


Overfull \hbox (71.20615pt too wide) has occurred while \output is active
 [][][][]  
 []

[35

]
Overfull \hbox (100.01746pt too wide) in paragraph at lines 863--863
 [] 
 []


Overfull \hbox (96.55727pt too wide) has occurred while \output is active
 [][]  \OT1/cmss/m/n/5 ([])  
 []


Overfull \hbox (71.20615pt too wide) has occurred while \output is active
 [][][][]  
 []

[36

]
Overfull \hbox (100.01746pt too wide) in paragraph at lines 863--863
 [] 
 []


Overfull \hbox (96.55727pt too wide) has occurred while \output is active
 [][]  \OT1/cmss/m/n/5 ([])  
 []


Overfull \hbox (71.20615pt too wide) has occurred while \output is active
 [][][][]  
 []

[37

]
Overfull \hbox (100.01746pt too wide) in paragraph at lines 863--863
 [] 
 []


Overfull \hbox (96.55727pt too wide) has occurred while \output is active
 [][]  \OT1/cmss/m/n/5 ([])  
 []


Overfull \hbox (71.20615pt too wide) has occurred while \output is active
 [][][][]  
 []

[38

]
Overfull \hbox (100.01746pt too wide) in paragraph at lines 863--863
 [] 
 []


Overfull \hbox (96.55727pt too wide) has occurred while \output is active
 [][]  \OT1/cmss/m/n/5 ([])  
 []


Overfull \hbox (71.20615pt too wide) has occurred while \output is active
 [][][][]  
 []

[39

]
Overfull \hbox (100.01746pt too wide) in paragraph at lines 863--863
 [] 
 []


Overfull \hbox (96.55727pt too wide) has occurred while \output is active
 [][]  \OT1/cmss/m/n/5 ([])  
 []


Overfull \hbox (71.20615pt too wide) has occurred while \output is active
 [][][][]  
 []

[40

]
File: counter_zig.png Graphic file (type bmp)
 <counter_zig.png>
LaTeX Font Info:    Font shape `JT1/hgt/m/it' will be
(Font)              scaled to size 8.32214pt on input line 948.
LaTeX Font Info:    Font shape `JY1/hgt/m/it' will be
(Font)              scaled to size 8.32214pt on input line 948.
LaTeX Font Info:    Font shape `JT1/hgt/m/it' will be
(Font)              scaled to size 13.31541pt on input line 948.
LaTeX Font Info:    Font shape `JY1/hgt/m/it' will be
(Font)              scaled to size 13.31541pt on input line 948.

Overfull \hbox (96.55727pt too wide) has occurred while \output is active
 [][]  \OT1/cmss/m/n/5 ([])  
 []


Overfull \hbox (71.20615pt too wide) has occurred while \output is active
 [][][][]  
 []

[41

]
Overfull \hbox (96.55727pt too wide) has occurred while \output is active
 [][]  \OT1/cmss/m/n/5 ([])  
 []


Overfull \hbox (71.20615pt too wide) has occurred while \output is active
 [][][][]  
 []

[42

]
LaTeX Font Info:    Font shape `JT1/hgt/m/n' will be
(Font)              scaled to size 15.9785pt on input line 1090.
LaTeX Font Info:    Font shape `JY1/hgt/m/n' will be
(Font)              scaled to size 15.9785pt on input line 1090.
File: counter_zig.png Graphic file (type bmp)
 <counter_zig.png>
Overfull \hbox (96.55727pt too wide) has occurred while \output is active
 [][]  \OT1/cmss/m/n/5 ([])  
 []


Overfull \hbox (71.20615pt too wide) has occurred while \output is active
 [][][][]  
 []

[43

]
File: counter_zig.png Graphic file (type bmp)
 <counter_zig.png>
Overfull \hbox (96.55727pt too wide) has occurred while \output is active
 [][]  \OT1/cmss/m/n/5 ([])  
 []


Overfull \hbox (71.20615pt too wide) has occurred while \output is active
 [][][][]  
 []

[44

]
File: counter_zig.png Graphic file (type bmp)
 <counter_zig.png>
Overfull \hbox (96.55727pt too wide) has occurred while \output is active
 [][]  \OT1/cmss/m/n/5 ([])  
 []


Overfull \hbox (71.20615pt too wide) has occurred while \output is active
 [][][][]  
 []

[45

]
File: counter_zig.png Graphic file (type bmp)
 <counter_zig.png>
Overfull \hbox (96.55727pt too wide) has occurred while \output is active
 [][]  \OT1/cmss/m/n/5 ([])  
 []


Overfull \hbox (71.20615pt too wide) has occurred while \output is active
 [][][][]  
 []

[46

]
File: counter_zig.png Graphic file (type bmp)
 <counter_zig.png>
Overfull \hbox (96.55727pt too wide) has occurred while \output is active
 [][]  \OT1/cmss/m/n/5 ([])  
 []


Overfull \hbox (71.20615pt too wide) has occurred while \output is active
 [][][][]  
 []

[47

]
File: counter_zig.png Graphic file (type bmp)
 <counter_zig.png>
Overfull \hbox (96.55727pt too wide) has occurred while \output is active
 [][]  \OT1/cmss/m/n/5 ([])  
 []


Overfull \hbox (71.20615pt too wide) has occurred while \output is active
 [][][][]  
 []

[48

]
File: counter_zig.png Graphic file (type bmp)
 <counter_zig.png>
Overfull \hbox (96.55727pt too wide) has occurred while \output is active
 [][]  \OT1/cmss/m/n/5 ([])  
 []


Overfull \hbox (71.20615pt too wide) has occurred while \output is active
 [][][][]  
 []

[49

]
File: counter_zig.png Graphic file (type bmp)
 <counter_zig.png>
Overfull \hbox (96.55727pt too wide) has occurred while \output is active
 [][]  \OT1/cmss/m/n/5 ([])  
 []


Overfull \hbox (71.20615pt too wide) has occurred while \output is active
 [][][][]  
 []

[50

]
File: counter_zig.png Graphic file (type bmp)
 <counter_zig.png>
Overfull \hbox (96.55727pt too wide) has occurred while \output is active
 [][]  \OT1/cmss/m/n/5 ([])  
 []


Overfull \hbox (71.20615pt too wide) has occurred while \output is active
 [][][][]  
 []

[51

]
File: counter_zig.png Graphic file (type bmp)
 <counter_zig.png>
Overfull \hbox (96.55727pt too wide) has occurred while \output is active
 [][]  \OT1/cmss/m/n/5 ([])  
 []


Overfull \hbox (71.20615pt too wide) has occurred while \output is active
 [][][][]  
 []

[52

]
File: counter_zig.png Graphic file (type bmp)
 <counter_zig.png>
Overfull \hbox (96.55727pt too wide) has occurred while \output is active
 [][]  \OT1/cmss/m/n/5 ([])  
 []


Overfull \hbox (71.20615pt too wide) has occurred while \output is active
 [][][][]  
 []

[53

]
File: counter_zig.png Graphic file (type bmp)
 <counter_zig.png>
Overfull \hbox (96.55727pt too wide) has occurred while \output is active
 [][]  \OT1/cmss/m/n/5 ([])  
 []


Overfull \hbox (71.20615pt too wide) has occurred while \output is active
 [][][][]  
 []

[54

]
File: sample_counter.pdf Graphic file (type pdf)
 <sample_counter.pdf>
Overfull \vbox (24.7136pt too high) detected at line 1097
 []


Overfull \hbox (96.55727pt too wide) has occurred while \output is active
 [][]  \OT1/cmss/m/n/5 ([])  
 []


Overfull \hbox (71.20615pt too wide) has occurred while \output is active
 [][][][]  
 []

[55

]
File: 6bit.pdf Graphic file (type pdf)
 <6bit.pdf>
Overfull \hbox (96.55727pt too wide) has occurred while \output is active
 [][]  \OT1/cmss/m/n/5 ([])  
 []


Overfull \hbox (71.20615pt too wide) has occurred while \output is active
 [][][][]  
 []

[56

]
File: heighway_sequence.pdf Graphic file (type pdf)
 <heighway_sequence.pdf>
Missing character: There is no ; in font nullfont!

Overfull \hbox (16.05801pt too wide) in paragraph at lines 1159--1159
 [] 
 []


Overfull \hbox (96.55727pt too wide) has occurred while \output is active
 [][]  \OT1/cmss/m/n/5 ([])  
 []


Overfull \hbox (71.20615pt too wide) has occurred while \output is active
 [][][][]  
 []

[57

]
Missing character: There is no ; in font nullfont!

Overfull \hbox (96.55727pt too wide) has occurred while \output is active
 [][]  \OT1/cmss/m/n/5 ([])  
 []


Overfull \hbox (71.20615pt too wide) has occurred while \output is active
 [][][][]  
 []

[58

]
Missing character: There is no ; in font nullfont!

Overfull \hbox (96.55727pt too wide) has occurred while \output is active
 [][]  \OT1/cmss/m/n/5 ([])  
 []


Overfull \hbox (71.20615pt too wide) has occurred while \output is active
 [][][][]  
 []

[59

]
Missing character: There is no ; in font nullfont!

Overfull \hbox (96.55727pt too wide) has occurred while \output is active
 [][]  \OT1/cmss/m/n/5 ([])  
 []


Overfull \hbox (71.20615pt too wide) has occurred while \output is active
 [][][][]  
 []

[60

]
Missing character: There is no ; in font nullfont!

Overfull \hbox (96.55727pt too wide) has occurred while \output is active
 [][]  \OT1/cmss/m/n/5 ([])  
 []


Overfull \hbox (71.20615pt too wide) has occurred while \output is active
 [][][][]  
 []

[61

]
Missing character: There is no ; in font nullfont!

Overfull \hbox (96.55727pt too wide) has occurred while \output is active
 [][]  \OT1/cmss/m/n/5 ([])  
 []


Overfull \hbox (71.20615pt too wide) has occurred while \output is active
 [][][][]  
 []

[62

]
Missing character: There is no ; in font nullfont!

Overfull \hbox (96.55727pt too wide) has occurred while \output is active
 [][]  \OT1/cmss/m/n/5 ([])  
 []


Overfull \hbox (71.20615pt too wide) has occurred while \output is active
 [][][][]  
 []

[63

]
Missing character: There is no ; in font nullfont!

Overfull \hbox (96.55727pt too wide) has occurred while \output is active
 [][]  \OT1/cmss/m/n/5 ([])  
 []


Overfull \hbox (71.20615pt too wide) has occurred while \output is active
 [][][][]  
 []

[64

]
Missing character: There is no ; in font nullfont!

Overfull \hbox (96.55727pt too wide) has occurred while \output is active
 [][]  \OT1/cmss/m/n/5 ([])  
 []


Overfull \hbox (71.20615pt too wide) has occurred while \output is active
 [][][][]  
 []

[65

]
Overfull \hbox (53.00131pt too wide) in paragraph at lines 1602--1602
 [][] 
 []


Overfull \hbox (96.55727pt too wide) has occurred while \output is active
 [][]  \OT1/cmss/m/n/5 ([])  
 []


Overfull \hbox (71.20615pt too wide) has occurred while \output is active
 [][][][]  
 []

[66

]
Overfull \hbox (53.00131pt too wide) in paragraph at lines 1602--1602
 [][] 
 []


Overfull \hbox (96.55727pt too wide) has occurred while \output is active
 [][]  \OT1/cmss/m/n/5 ([])  
 []


Overfull \hbox (71.20615pt too wide) has occurred while \output is active
 [][][][]  
 []

[67

]
Overfull \hbox (96.55727pt too wide) has occurred while \output is active
 [][]  \OT1/cmss/m/n/5 ([])  
 []


Overfull \hbox (71.20615pt too wide) has occurred while \output is active
 [][][][]  
 []

[68

]
Overfull \hbox (96.55727pt too wide) has occurred while \output is active
 [][]  \OT1/cmss/m/n/5 ([])  
 []


Overfull \hbox (71.20615pt too wide) has occurred while \output is active
 [][][][]  
 []

[69

]
Overfull \hbox (96.55727pt too wide) has occurred while \output is active
 [][]  \OT1/cmss/m/n/5 ([])  
 []


Overfull \hbox (71.20615pt too wide) has occurred while \output is active
 [][][][]  
 []

[70

]
File: seed_sample2.png Graphic file (type bmp)
 <seed_sample2.png>
Overfull \hbox (96.55727pt too wide) has occurred while \output is active
 [][]  \OT1/cmss/m/n/5 ([])  
 []


Overfull \hbox (71.20615pt too wide) has occurred while \output is active
 [][][][]  
 []

[71

]
File: dragon_vol5.png Graphic file (type bmp)
 <dragon_vol5.png>
Overfull \hbox (96.55727pt too wide) has occurred while \output is active
 [][]  \OT1/cmss/m/n/5 ([])  
 []


Overfull \hbox (71.20615pt too wide) has occurred while \output is active
 [][][][]  
 []

[72

]
File: abst_DFAO.png Graphic file (type bmp)
 <abst_DFAO.png>
Missing character: There is no ; in font nullfont!

Overfull \hbox (96.55727pt too wide) has occurred while \output is active
 [][]  \OT1/cmss/m/n/5 ([])  
 []


Overfull \hbox (71.20615pt too wide) has occurred while \output is active
 [][][][]  
 []

[73

]
File: example_DFAO1.png Graphic file (type bmp)
 <example_DFAO1.png>
Missing character: There is no ; in font nullfont!

Overfull \hbox (96.55727pt too wide) has occurred while \output is active
 [][]  \OT1/cmss/m/n/5 ([])  
 []


Overfull \hbox (71.20615pt too wide) has occurred while \output is active
 [][][][]  
 []

[74

]
File: example_DFAO2.png Graphic file (type bmp)
 <example_DFAO2.png>
Missing character: There is no ; in font nullfont!

Overfull \hbox (96.55727pt too wide) has occurred while \output is active
 [][]  \OT1/cmss/m/n/5 ([])  
 []


Overfull \hbox (71.20615pt too wide) has occurred while \output is active
 [][][][]  
 []

[75

]
File: example_DFAO3.png Graphic file (type bmp)
 <example_DFAO3.png>
Missing character: There is no ; in font nullfont!

Overfull \hbox (96.55727pt too wide) has occurred while \output is active
 [][]  \OT1/cmss/m/n/5 ([])  
 []


Overfull \hbox (71.20615pt too wide) has occurred while \output is active
 [][][][]  
 []

[76

]
File: example_DFAO3_5.png Graphic file (type bmp)
 <example_DFAO3_5.png>
Missing character: There is no ; in font nullfont!

Overfull \hbox (96.55727pt too wide) has occurred while \output is active
 [][]  \OT1/cmss/m/n/5 ([])  
 []


Overfull \hbox (71.20615pt too wide) has occurred while \output is active
 [][][][]  
 []

[77

]
File: example_DFAO3_75.png Graphic file (type bmp)
 <example_DFAO3_75.png>
Missing character: There is no ; in font nullfont!

Overfull \hbox (96.55727pt too wide) has occurred while \output is active
 [][]  \OT1/cmss/m/n/5 ([])  
 []


Overfull \hbox (71.20615pt too wide) has occurred while \output is active
 [][][][]  
 []

[78

]
File: example_DFAO4.png Graphic file (type bmp)
 <example_DFAO4.png>
Missing character: There is no ; in font nullfont!

Overfull \hbox (96.55727pt too wide) has occurred while \output is active
 [][]  \OT1/cmss/m/n/5 ([])  
 []


Overfull \hbox (71.20615pt too wide) has occurred while \output is active
 [][][][]  
 []

[79

]
File: example_DFAO5.png Graphic file (type bmp)
 <example_DFAO5.png>
Missing character: There is no ; in font nullfont!

Overfull \hbox (96.55727pt too wide) has occurred while \output is active
 [][]  \OT1/cmss/m/n/5 ([])  
 []


Overfull \hbox (71.20615pt too wide) has occurred while \output is active
 [][][][]  
 []

[80

]
File: example_DFAO6.png Graphic file (type bmp)
 <example_DFAO6.png>
Missing character: There is no ; in font nullfont!

Overfull \hbox (96.55727pt too wide) has occurred while \output is active
 [][]  \OT1/cmss/m/n/5 ([])  
 []


Overfull \hbox (71.20615pt too wide) has occurred while \output is active
 [][][][]  
 []

[81

]
File: example_DFAO7.png Graphic file (type bmp)
 <example_DFAO7.png>
Missing character: There is no ; in font nullfont!

Overfull \hbox (96.55727pt too wide) has occurred while \output is active
 [][]  \OT1/cmss/m/n/5 ([])  
 []


Overfull \hbox (71.20615pt too wide) has occurred while \output is active
 [][][][]  
 []

[82

]
File: example_DFAO8.png Graphic file (type bmp)
 <example_DFAO8.png>
Missing character: There is no ; in font nullfont!

Overfull \hbox (96.55727pt too wide) has occurred while \output is active
 [][]  \OT1/cmss/m/n/5 ([])  
 []


Overfull \hbox (71.20615pt too wide) has occurred while \output is active
 [][][][]  
 []

[83

]
File: overall_turn_part.png Graphic file (type bmp)
 <overall_turn_part.png>
Overfull \hbox (96.55727pt too wide) has occurred while \output is active
 [][]  \OT1/cmss/m/n/5 ([])  
 []


Overfull \hbox (71.20615pt too wide) has occurred while \output is active
 [][][][]  
 []

[84

]
File: D-zig1_brick.png Graphic file (type bmp)
 <D-zig1_brick.png>
Overfull \vbox (3.73369pt too high) detected at line 1915
 []


Overfull \hbox (96.55727pt too wide) has occurred while \output is active
 [][]  \OT1/cmss/m/n/5 ([])  
 []


Overfull \hbox (71.20615pt too wide) has occurred while \output is active
 [][][][]  
 []

[85

]
File: 6bit_heighway.pdf Graphic file (type pdf)
 <6bit_heighway.pdf>
Overfull \vbox (5.12677pt too high) detected at line 1926
 []


Overfull \hbox (96.55727pt too wide) has occurred while \output is active
 [][]  \OT1/cmss/m/n/5 ([])  
 []


Overfull \hbox (71.20615pt too wide) has occurred while \output is active
 [][][][]  
 []

[86

]
File: KAKENHIlogo.jpg Graphic file (type bmp)
 <KAKENHIlogo.jpg>
File: nihongakuzyutu.jpg Graphic file (type bmp)
 <nihongakuzyutu.jpg>
Overfull \hbox (10.32658pt too wide) in paragraph at lines 1969--1969
 [][] 
 []

File: logo_nrf.jpg Graphic file (type bmp)
<logo_nrf.jpg>
Overfull \hbox (96.55727pt too wide) has occurred while \output is active
 [][]  \OT1/cmss/m/n/5 ([])  
 []


Overfull \hbox (71.20615pt too wide) has occurred while \output is active
 [][][][]  
 []

[87

]
File: nicolas.pdf Graphic file (type pdf)
 <nicolas.pdf>
File: yo-sub.jpg Graphic file (type bmp)
 <yo-sub.jpg>
File: hwee.jpg Graphic file (type bmp)
 <hwee.jpg>
Overfull \hbox (96.55727pt too wide) has occurred while \output is active
 [][]  \OT1/cmss/m/n/5 ([])  
 []


Overfull \hbox (71.20615pt too wide) has occurred while \output is active
 [][][][]  
 []

[88

]
File: beamericonarticle.pdf Graphic file (type pdf)
 <beamericonarticle.pdf>
File: beamericonarticle.pdf Graphic file (type pdf)
 <beamericonarticle.pdf>
File: beamericonarticle.pdf Graphic file (type pdf)
 <beamericonarticle.pdf>
File: beamericonarticle.pdf Graphic file (type pdf)

<beamericonarticle.pdf>
Overfull \hbox (96.55727pt too wide) has occurred while \output is active
 [][]  \OT1/cmss/m/n/5 ([])  
 []


Overfull \hbox (71.20615pt too wide) has occurred while \output is active
 [][][][]  
 []

[89

]
File: dlt2018poster.pdf Graphic file (type pdf)
 <dlt2018poster.pdf>
LaTeX Font Info:    Font shape `JT1/hgt/m/it' will be
(Font)              scaled to size 7.39746pt on input line 2070.
LaTeX Font Info:    Font shape `JY1/hgt/m/it' will be
(Font)              scaled to size 7.39746pt on input line 2070.

Overfull \hbox (96.55727pt too wide) has occurred while \output is active
 [][]  \OT1/cmss/m/n/5 ([])  
 []


Overfull \hbox (71.20615pt too wide) has occurred while \output is active
 [][][][]  
 []

[90

]
\tf@nav=\write7
\openout7 = `CIAA_power.nav'.

\tf@toc=\write8
\openout8 = `CIAA_power.toc'.

\tf@snm=\write9
\openout9 = `CIAA_power.snm'.

Package atveryend Info: Empty hook `BeforeClearDocument' on input line 2071.
Package atveryend Info: Empty hook `AfterLastShipout' on input line 2071.
 (./CIAA_power.aux)
Package atveryend Info: Empty hook `AtVeryEndDocument' on input line 2071.
Package atveryend Info: Executing hook `AtEndAfterFileList' on input line 2071.



Package rerunfilecheck Warning: File `CIAA_power.out' has changed.
(rerunfilecheck)                Rerun to get outlines right
(rerunfilecheck)                or use package `bookmark'.

Package rerunfilecheck Info: Checksums for `CIAA_power.out':
(rerunfilecheck)             Before: 7E20819E4803C6EA8034BE5AAF5F975D;145
(rerunfilecheck)             After:  6C1C82822F4C25956806502881E0B983;181.

LaTeX Font Warning: Size substitutions with differences
(Font)              up to 1.0pt have occurred.


LaTeX Font Warning: Some font shapes were not available, defaults substituted.

Package atveryend Info: Empty hook `AtVeryVeryEnd' on input line 2071.
 ) 
Here is how much of TeX's memory you used:
 27034 strings out of 493680
 552083 string characters out of 6151468
 1092738 words of memory out of 5000000
 29961 multiletter control sequences out of 15000+600000
 23699 words of font info for 105 fonts, out of 8000000 for 9000
 929 hyphenation exceptions out of 8191
 48i,17n,74p,418b,1222s stack positions out of 5000i,500n,10000p,500000b,80000s

Output written on CIAA_power.dvi (90 pages, 3466332 bytes).
